<?xml version="1.0" encoding="UTF-8"?>
<!-- Generated by org.testng.reporters.JUnitReportReporter -->
<testsuite hostname="SANKET-LAPTOP" failures="0" tests="3" name="SanketLearning.Mavenjava.SeleniumTest" time="5.439" errors="0" timestamp="2022-03-03T13:04:36 IST" skipped="0">
  <testcase classname="SanketLearning.Mavenjava.SeleniumTest" name="run" time="5.433"/>
  <system-out/>
  <testcase classname="SanketLearning.Mavenjava.SeleniumTest" name="testCase2" time="0.001"/>
  <system-out/>
  <testcase classname="SanketLearning.Mavenjava.SeleniumTest" name="testCase1" time="0.005"/>
  <system-out/>
</testsuite> <!-- SanketLearning.Mavenjava.SeleniumTest -->
