<?xml version="1.0" encoding="UTF-8"?>
<!-- Generated by org.testng.reporters.JUnitReportReporter -->
<testsuite hostname="SANKET-LAPTOP" failures="0" tests="2" name="SanketLearning.Mavenjava.AppiumTest" time="0.018" errors="0" timestamp="2022-03-04T12:45:48 IST" skipped="0">
  <testcase classname="SanketLearning.Mavenjava.AppiumTest" name="validateCache" time="0.001"/>
  <system-out/>
  <testcase classname="SanketLearning.Mavenjava.AppiumTest" name="nativeAppRun" time="0.017"/>
  <system-out/>
</testsuite> <!-- SanketLearning.Mavenjava.AppiumTest -->
