<?xml version="1.0" encoding="UTF-8"?>
<!-- Generated by org.testng.reporters.JUnitReportReporter -->
<testsuite hostname="SANKET-LAPTOP" failures="0" tests="3" name="SanketLearning.Mavenjava.SeleniumTest" time="1.877" errors="0" timestamp="2022-03-04T12:34:21 IST" skipped="0">
  <testcase classname="SanketLearning.Mavenjava.SeleniumTest" name="testCase1" time="0.003"/>
  <system-out/>
  <testcase classname="SanketLearning.Mavenjava.SeleniumTest" name="run" time="1.874"/>
  <system-out/>
  <testcase classname="SanketLearning.Mavenjava.SeleniumTest" name="testCase2" time="0.000"/>
  <system-out/>
</testsuite> <!-- SanketLearning.Mavenjava.SeleniumTest -->
