<?xml version="1.0" encoding="UTF-8"?>
<!-- Generated by org.testng.reporters.JUnitReportReporter -->
<testsuite hostname="SANKET-LAPTOP" failures="0" tests="2" name="SanketLearning.Mavenjava.RESTAPITest" time="0.000" errors="0" timestamp="2022-03-04T12:34:21 IST" skipped="0">
  <testcase classname="SanketLearning.Mavenjava.RESTAPITest" name="getData" time="0.000"/>
  <system-out/>
  <testcase classname="SanketLearning.Mavenjava.RESTAPITest" name="updateData" time="0.000"/>
  <system-out/>
</testsuite> <!-- SanketLearning.Mavenjava.RESTAPITest -->
